src/api/http.ts(13,14): error TS2322: Type '{ Authorization: string; "Content-Length"?: AxiosHeaderValue | undefined; "Content-Encoding"?: AxiosHeaderValue | undefined; Accept?: AxiosHeaderValue | undefined; "User-Agent"?: AxiosHeaderValue | undefined; "Content-Type"?: ContentType | undefined; }' is not assignable to type 'AxiosRequestHeaders'.
  Type '{ Authorization: string; "Content-Length"?: AxiosHeaderValue | undefined; "Content-Encoding"?: AxiosHeaderValue | undefined; Accept?: AxiosHeaderValue | undefined; "User-Agent"?: AxiosHeaderValue | undefined; "Content-Type"?: ContentType | undefined; }' is missing the following properties from type 'AxiosHeaders': set, get, has, delete, and 24 more.
src/modals/templates/ArchiveModal.vue(79,23): error TS2339: Property 'archiveProgram' does not exist on type '{ getStudentPayments(studentId: string): Promise<StudentPaymentsResponse>; getTransactions(programId: string): Promise<Transaction[]>; ... 11 more ...; resume(payload: { ...; }): Promise<...>; }'.
src/modals/templates/EditInvoiceModal.vue(147,7): error TS2353: Object literal may only specify known properties, and 'amount' does not exist in type '{ programId: string; monthIndex?: number | undefined; year?: string | undefined; fvnum: string; ksef?: string | undefined; issueDate?: string | undefined; payDate?: string | undefined; }'.
src/modals/templates/ExtraModal.vue(58,18): error TS2365: Operator '>' cannot be applied to types 'string | number' and 'number'.
src/modals/templates/PauseModal.vue(159,7): error TS2353: Object literal may only specify known properties, and 'comment' does not exist in type '{ programId: string; from: string; to: string; reason?: string | undefined; }'.
src/modals/templates/RefundModal.vue(138,7): error TS2353: Object literal may only specify known properties, and 'type' does not exist in type '{ fvnum: string; amount?: number | undefined; reason?: string | undefined; }'.
src/modals/templates/RefundOkModal.vue(3,33): error TS2339: Property 't' does not exist on type 'CreateComponentPublicInstanceWithMixins<ToResolvedProps<{}, {}>, { BaseModal: __VLS_WithSlots<DefineComponent<__VLS_Props, {}, {}, {}, {}, ComponentOptionsMixin, ComponentOptionsMixin, ... 12 more ..., any>, { ...; }>; payload: ComputedRef<...>; close: () => void; }, ... 23 more ..., {}>'.
src/modals/templates/RefundOkModal.vue(6,10): error TS2339: Property 't' does not exist on type 'CreateComponentPublicInstanceWithMixins<ToResolvedProps<{}, {}>, { BaseModal: __VLS_WithSlots<DefineComponent<__VLS_Props, {}, {}, {}, {}, ComponentOptionsMixin, ComponentOptionsMixin, ... 12 more ..., any>, { ...; }>; payload: ComputedRef<...>; close: () => void; }, ... 23 more ..., {}>'.
src/tabs/PaymentsTab.vue(143,163): error TS2345: Argument of type 'MonthItem | null' is not assignable to parameter of type 'MonthItem'.
  Type 'null' is not assignable to type 'MonthItem'.
src/tabs/PaymentsTab.vue(143,203): error TS2345: Argument of type 'MonthItem | null' is not assignable to parameter of type 'MonthItem'.
  Type 'null' is not assignable to type 'MonthItem'.
src/tabs/PaymentsTab.vue(144,28): error TS2345: Argument of type 'MonthItem | null' is not assignable to parameter of type 'MonthItem'.
  Type 'null' is not assignable to type 'MonthItem'.
src/tabs/PaymentsTab.vue(144,61): error TS2345: Argument of type 'MonthItem | null' is not assignable to parameter of type 'MonthItem'.
  Type 'null' is not assignable to type 'MonthItem'.
src/tabs/PaymentsTab.vue(149,26): error TS2531: Object is possibly 'null'.
src/tabs/PaymentsTab.vue(149,108): error TS2345: Argument of type 'MonthItem | null' is not assignable to parameter of type 'MonthItem'.
  Type 'null' is not assignable to type 'MonthItem'.
src/tabs/PaymentsTab.vue(149,154): error TS2345: Argument of type 'MonthItem | null' is not assignable to parameter of type 'MonthItem'.
  Type 'null' is not assignable to type 'MonthItem'.
src/tabs/PaymentsTab.vue(152,31): error TS2531: Object is possibly 'null'.
src/tabs/PaymentsTab.vue(152,103): error TS2531: Object is possibly 'null'.
src/tabs/PaymentsTab.vue(153,75): error TS2345: Argument of type 'MonthItem | null' is not assignable to parameter of type 'MonthItem'.
  Type 'null' is not assignable to type 'MonthItem'.
src/tabs/PaymentsTab.vue(153,107): error TS2345: Argument of type 'MonthItem | null' is not assignable to parameter of type 'MonthItem'.
  Type 'null' is not assignable to type 'MonthItem'.
src/tabs/PaymentsTab.vue(159,64): error TS2345: Argument of type 'MonthItem | null' is not assignable to parameter of type 'MonthItem'.
  Type 'null' is not assignable to type 'MonthItem'.
src/tabs/PaymentsTab.vue(159,113): error TS2531: Object is possibly 'null'.
src/tabs/PaymentsTab.vue(162,26): error TS2531: Object is possibly 'null'.
src/tabs/PaymentsTab.vue(165,87): error TS2531: Object is possibly 'null'.
src/tabs/PaymentsTab.vue(165,103): error TS2339: Property 'lessons' does not exist on type 'MonthItem'.
src/tabs/PaymentsTab.vue(169,26): error TS2531: Object is possibly 'null'.
src/tabs/PaymentsTab.vue(171,84): error TS2531: Object is possibly 'null'.
src/tabs/PaymentsTab.vue(174,26): error TS2531: Object is possibly 'null'.
src/tabs/PaymentsTab.vue(176,65): error TS2531: Object is possibly 'null'.
src/tabs/PaymentsTab.vue(179,26): error TS2531: Object is possibly 'null'.
src/tabs/PaymentsTab.vue(183,31): error TS2531: Object is possibly 'null'.
src/tabs/PaymentsTab.vue(183,142): error TS2531: Object is possibly 'null'.
src/tabs/PaymentsTab.vue(187,26): error TS2531: Object is possibly 'null'.
src/tabs/PaymentsTab.vue(189,50): error TS2531: Object is possibly 'null'.
src/tabs/PaymentsTab.vue(189,75): error TS2531: Object is possibly 'null'.
src/tabs/PaymentsTab.vue(246,46): error TS2367: This comparison appears to be unintentional because the types '"conflict"' and '"ok"' have no overlap.
src/tabs/PaymentsTab.vue(246,92): error TS2367: This comparison appears to be unintentional because the types '"conflict"' and '"ok"' have no overlap.
